<?xml version="1.0" encoding="UTF-8"?>
<testng-results skipped="0" failed="0" ignored="1" total="1" passed="0">
  <reporter-output>
  </reporter-output>
  <suite name="Default suite" duration-ms="33" started-at="2023-06-30T23:43:39 IST" finished-at="2023-06-30T23:43:39 IST">
    <groups>
    </groups>
    <test name="Default test" duration-ms="33" started-at="2023-06-30T23:43:39 IST" finished-at="2023-06-30T23:43:39 IST">
    </test> <!-- Default test -->
  </suite> <!-- Default suite -->
</testng-results>
